Using pre-set license
Built from '2020.3/release' branch; Version is '2020.3.7f1 (dd97f2c94397) revision 14522354'; Using compiler version '192528614'; Build Type 'Release'
OS: 'Windows 10 Pro; OS build 19042.1052; Version 2009; 64bit' Language: 'en' Physical Memory: 32715 MB
BatchMode: 1, IsHumanControllingUs: 0, StartBugReporterOnCrash: 0, Is64bit: 1, IsPro: 0

 COMMAND LINE ARGUMENTS:
C:\Program Files\2020.3.7f1\Editor\Unity.exe
-adb2
-batchMode
-noUpm
-name
AssetImportWorker0
-projectPath
D:/Projects/Unity/RADAR-Something
-logFile
Logs/AssetImportWorker0.log
-srvPort
60233
Successfully changed project path to: D:/Projects/Unity/RADAR-Something
D:/Projects/Unity/RADAR-Something
Using Asset Import Pipeline V2.
Refreshing native plugins compatible for Editor in 36.39 ms, found 0 plugins.
Preloading 0 native plugins for Editor in 0.00 ms.
Initialize engine version: 2020.3.7f1 (dd97f2c94397)
[Subsystems] Discovering subsystems at path C:/Program Files/2020.3.7f1/Editor/Data/Resources/UnitySubsystems
[Subsystems] Discovering subsystems at path D:/Projects/Unity/RADAR-Something/Assets
GfxDevice: creating device client; threaded=0
Direct3D:
    Version:  Direct3D 11.0 [level 11.1]
    Renderer: NVIDIA GeForce RTX 2080 SUPER (ID=0x1e81)
    Vendor:   
    VRAM:     8010 MB
    Driver:   27.21.14.5671
Initialize mono
Mono path[0] = 'C:/Program Files/2020.3.7f1/Editor/Data/Managed'
Mono path[1] = 'C:/Program Files/2020.3.7f1/Editor/Data/MonoBleedingEdge/lib/mono/unityjit'
Mono config path = 'C:/Program Files/2020.3.7f1/Editor/Data/MonoBleedingEdge/etc'
Using monoOptions --debugger-agent=transport=dt_socket,embedding=1,server=y,suspend=n,address=127.0.0.1:56688
Begin MonoManager ReloadAssembly
Registering precompiled unity dll's ...
Register platform support module: C:/Program Files/2020.3.7f1/Editor/Data/PlaybackEngines/WebGLSupport/UnityEditor.WebGL.Extensions.dll
Register platform support module: C:/Program Files/2020.3.7f1/Editor/Data/PlaybackEngines/WindowsStandaloneSupport/UnityEditor.WindowsStandalone.Extensions.dll
Registered in 0.001925 seconds.
Native extension for WindowsStandalone target not found
Native extension for WebGL target not found
Refreshing native plugins compatible for Editor in 31.90 ms, found 0 plugins.
Preloading 0 native plugins for Editor in 0.00 ms.
Mono: successfully reloaded assembly
- Completed reload, in  0.941 seconds
Platform modules already initialized, skipping
Registering precompiled user dll's ...
Registered in 0.001137 seconds.
Begin MonoManager ReloadAssembly
Native extension for WindowsStandalone target not found
Native extension for WebGL target not found
Refreshing native plugins compatible for Editor in 0.83 ms, found 0 plugins.
Preloading 0 native plugins for Editor in 0.00 ms.
Mono: successfully reloaded assembly
- Completed reload, in  0.829 seconds
Platform modules already initialized, skipping
========================================================================
Worker process is ready to serve import requests
Launched and connected shader compiler UnityShaderCompiler.exe after 0.04 seconds
Refreshing native plugins compatible for Editor in 0.64 ms, found 0 plugins.
Preloading 0 native plugins for Editor in 0.00 ms.
Unloading 1722 Unused Serialized files (Serialized files now loaded: 0)
System memory in use before: 74.9 MB.
System memory in use after: 75.0 MB.

Unloading 50 unused Assets to reduce memory usage. Loaded Objects now: 2144.
Total: 6.307800 ms (FindLiveObjects: 0.246400 ms CreateObjectMapping: 0.046900 ms MarkObjects: 5.893200 ms  DeleteObjects: 0.119800 ms)

========================================================================
Received Import Request.
  path: Assets/Standard Assets/ParticleSystems/Textures/ParticleBokeh.png
  artifactKey: Guid(88d61c45afbee8d4db64840e7f12250f) Importer(815301076,1909f56bfc062723c751e8b465ee728b)
Start importing Assets/Standard Assets/ParticleSystems/Textures/ParticleBokeh.png using Guid(88d61c45afbee8d4db64840e7f12250f) Importer(815301076,1909f56bfc062723c751e8b465ee728b)  -> (artifact id: '3858d256cfb903036e5769aab98f1d2e') in 0.087819 seconds
  Import took 0.091038 seconds .

========================================================================
Received Import Request.
  Time since last request: 0.000333 seconds.
  path: Assets/Standard Assets/ParticleSystems/Textures/ParticleCloudWhite.png
  artifactKey: Guid(19e7149425a99fb4cbf5f30bc43f9d65) Importer(815301076,1909f56bfc062723c751e8b465ee728b)
Start importing Assets/Standard Assets/ParticleSystems/Textures/ParticleCloudWhite.png using Guid(19e7149425a99fb4cbf5f30bc43f9d65) Importer(815301076,1909f56bfc062723c751e8b465ee728b)  -> (artifact id: 'a1173963c365735c74d35ea1854617cf') in 0.009944 seconds
  Import took 0.012546 seconds .

========================================================================
Received Import Request.
  Time since last request: 0.000253 seconds.
  path: Assets/Standard Assets/ParticleSystems/Textures/ParticleFirecloud.png
  artifactKey: Guid(d5b3d5330f8ae6f45bc774d8f6fa0ec7) Importer(815301076,1909f56bfc062723c751e8b465ee728b)
Start importing Assets/Standard Assets/ParticleSystems/Textures/ParticleFirecloud.png using Guid(d5b3d5330f8ae6f45bc774d8f6fa0ec7) Importer(815301076,1909f56bfc062723c751e8b465ee728b)  -> (artifact id: 'd641f3c18afd2ded8a96a5f4a8843f4b') in 0.011113 seconds
  Import took 0.013713 seconds .

========================================================================
Received Import Request.
  Time since last request: 0.000259 seconds.
  path: Assets/Standard Assets/ParticleSystems/Textures/ParticleFlamesSheet.png
  artifactKey: Guid(c48aedf32e0023a4da9598566a0ea643) Importer(815301076,1909f56bfc062723c751e8b465ee728b)
Start importing Assets/Standard Assets/ParticleSystems/Textures/ParticleFlamesSheet.png using Guid(c48aedf32e0023a4da9598566a0ea643) Importer(815301076,1909f56bfc062723c751e8b465ee728b)  -> (artifact id: '40d894a82f0689872c3cf750ab86bddd') in 0.023540 seconds
  Import took 0.027028 seconds .

========================================================================
Received Import Request.
  Time since last request: 0.000224 seconds.
  path: Assets/Standard Assets/ParticleSystems/Textures/ParticleFireballSheet.png
  artifactKey: Guid(a4ceb7a22989bde40b39c67b20e6e623) Importer(815301076,1909f56bfc062723c751e8b465ee728b)
Start importing Assets/Standard Assets/ParticleSystems/Textures/ParticleFireballSheet.png using Guid(a4ceb7a22989bde40b39c67b20e6e623) Importer(815301076,1909f56bfc062723c751e8b465ee728b)  -> (artifact id: 'e30cd193f77feb16c5ab8978571bd15e') in 0.012295 seconds
  Import took 0.015657 seconds .

========================================================================
Received Import Request.
  Time since last request: 0.000229 seconds.
  path: Assets/Standard Assets/ParticleSystems/Textures/Spark.png
  artifactKey: Guid(eccd360d0c14c5f498f523fe15400d5c) Importer(815301076,1909f56bfc062723c751e8b465ee728b)
Start importing Assets/Standard Assets/ParticleSystems/Textures/Spark.png using Guid(eccd360d0c14c5f498f523fe15400d5c) Importer(815301076,1909f56bfc062723c751e8b465ee728b)  -> (artifact id: 'c3337b4e14054aad26720a04e6fead15') in 0.009206 seconds
  Import took 0.012151 seconds .

========================================================================
Received Import Request.
  Time since last request: 0.000302 seconds.
  path: Assets/Standard Assets/ParticleSystems/Textures/SplashesFineParticle.png
  artifactKey: Guid(be382b3f6ea5e2b439f881a79a1a38a5) Importer(815301076,1909f56bfc062723c751e8b465ee728b)
Start importing Assets/Standard Assets/ParticleSystems/Textures/SplashesFineParticle.png using Guid(be382b3f6ea5e2b439f881a79a1a38a5) Importer(815301076,1909f56bfc062723c751e8b465ee728b)  -> (artifact id: '40b671ca7bb59f5f15bfda8562c96338') in 0.011620 seconds
  Import took 0.015213 seconds .

========================================================================
Received Import Request.
  Time since last request: 0.000348 seconds.
  path: Assets/Standard Assets/ParticleSystems/Textures/ParticleCloudBlack.png
  artifactKey: Guid(d5013628e3c70584892a64e3a8116f71) Importer(815301076,1909f56bfc062723c751e8b465ee728b)
Start importing Assets/Standard Assets/ParticleSystems/Textures/ParticleCloudBlack.png using Guid(d5013628e3c70584892a64e3a8116f71) Importer(815301076,1909f56bfc062723c751e8b465ee728b)  -> (artifact id: '11eb3e21c0b52a4e9854bb39b0635897') in 0.010752 seconds
  Import took 0.013789 seconds .

========================================================================
Received Import Request.
  Time since last request: 0.000220 seconds.
  path: Assets/Standard Assets/ParticleSystems/Textures/SplashesLargeParticle.png
  artifactKey: Guid(b6b2459af5bc09645b60343771a12497) Importer(815301076,1909f56bfc062723c751e8b465ee728b)
Start importing Assets/Standard Assets/ParticleSystems/Textures/SplashesLargeParticle.png using Guid(b6b2459af5bc09645b60343771a12497) Importer(815301076,1909f56bfc062723c751e8b465ee728b)  -> (artifact id: '77e3bc1afd88ce5d9c7e1522e038e4a3') in 0.012001 seconds
  Import took 0.014637 seconds .

========================================================================
Received Import Request.
  Time since last request: 0.000265 seconds.
  path: Assets/Standard Assets/ParticleSystems/Textures/ParticleFlameLickSheet.png
  artifactKey: Guid(5b1a2da0e8ed02e42a12dbc775a4da8d) Importer(815301076,1909f56bfc062723c751e8b465ee728b)
Start importing Assets/Standard Assets/ParticleSystems/Textures/ParticleFlameLickSheet.png using Guid(5b1a2da0e8ed02e42a12dbc775a4da8d) Importer(815301076,1909f56bfc062723c751e8b465ee728b)  -> (artifact id: 'f5c3da68aa2b902927dd9a59e8e99af0') in 0.021355 seconds
  Import took 0.024179 seconds .

========================================================================
Received Import Request.
  Time since last request: 0.000268 seconds.
  path: Assets/Standard Assets/ParticleSystems/Textures/ParticleFlare.png
  artifactKey: Guid(4c72a52149be28b40924539072411594) Importer(815301076,1909f56bfc062723c751e8b465ee728b)
Start importing Assets/Standard Assets/ParticleSystems/Textures/ParticleFlare.png using Guid(4c72a52149be28b40924539072411594) Importer(815301076,1909f56bfc062723c751e8b465ee728b)  -> (artifact id: 'b45dc8d4794fce8b5aa9ffb0af022047') in 0.008878 seconds
  Import took 0.011708 seconds .

========================================================================
Received Import Request.
  Time since last request: 1.004584 seconds.
  path: Assets/Standard Assets/ParticleSystems/Materials/ParticleAfterburner.mat
  artifactKey: Guid(bb6681b7b6e76c441a92f2297180c469) Importer(815301076,1909f56bfc062723c751e8b465ee728b)
Start importing Assets/Standard Assets/ParticleSystems/Materials/ParticleAfterburner.mat using Guid(bb6681b7b6e76c441a92f2297180c469) Importer(815301076,1909f56bfc062723c751e8b465ee728b)  -> (artifact id: '96d07ae12f0f4128cde4d7e6af9aec52') in 0.060654 seconds
  Import took 0.064052 seconds .

========================================================================
Received Import Request.
  Time since last request: 0.000376 seconds.
  path: Assets/Standard Assets/ParticleSystems/Materials/ParticleSteamMobile.mat
  artifactKey: Guid(857e1c611859c284dba62606c31986de) Importer(815301076,1909f56bfc062723c751e8b465ee728b)
Start importing Assets/Standard Assets/ParticleSystems/Materials/ParticleSteamMobile.mat using Guid(857e1c611859c284dba62606c31986de) Importer(815301076,1909f56bfc062723c751e8b465ee728b)  -> (artifact id: '4393efce666d62dffa78bb8d3cf60eae') in 0.020945 seconds
  Import took 0.023914 seconds .

========================================================================
Received Import Request.
  Time since last request: 0.000203 seconds.
  path: Assets/Standard Assets/ParticleSystems/Materials/ParticleFirecloud.mat
  artifactKey: Guid(7d7fb9693acf37f4399387cb8bf4ceda) Importer(815301076,1909f56bfc062723c751e8b465ee728b)
Start importing Assets/Standard Assets/ParticleSystems/Materials/ParticleFirecloud.mat using Guid(7d7fb9693acf37f4399387cb8bf4ceda) Importer(815301076,1909f56bfc062723c751e8b465ee728b)  -> (artifact id: 'a3484bfff08d0c2a4a9c39daaa120c80') in 0.011616 seconds
  Import took 0.014122 seconds .

========================================================================
Received Import Request.
  Time since last request: 0.000329 seconds.
  path: Assets/Standard Assets/ParticleSystems/Materials/ParticleSmokeBlack.mat
  artifactKey: Guid(c0db16047b1d966459805ebf6e714cc4) Importer(815301076,1909f56bfc062723c751e8b465ee728b)
Start importing Assets/Standard Assets/ParticleSystems/Materials/ParticleSmokeBlack.mat using Guid(c0db16047b1d966459805ebf6e714cc4) Importer(815301076,1909f56bfc062723c751e8b465ee728b)  -> (artifact id: 'ed79aa787218cf0eea4e28596b259aec') in 0.022260 seconds
  Import took 0.025244 seconds .

========================================================================
Received Import Request.
  Time since last request: 0.000228 seconds.
  path: Assets/Standard Assets/ParticleSystems/Materials/ParticleFlames.mat
  artifactKey: Guid(ed38cc26e9056314a997487f2ef70f28) Importer(815301076,1909f56bfc062723c751e8b465ee728b)
Start importing Assets/Standard Assets/ParticleSystems/Materials/ParticleFlames.mat using Guid(ed38cc26e9056314a997487f2ef70f28) Importer(815301076,1909f56bfc062723c751e8b465ee728b)  -> (artifact id: '57e47c2213ce676be2f3e4d78250d3b9') in 0.021053 seconds
  Import took 0.023525 seconds .

========================================================================
Received Import Request.
  Time since last request: 0.000231 seconds.
  path: Assets/Standard Assets/ParticleSystems/Materials/ParticleSmokeVertlit.mat
  artifactKey: Guid(cee309ce7aaa0b640aaacf83c0ded209) Importer(815301076,1909f56bfc062723c751e8b465ee728b)
Start importing Assets/Standard Assets/ParticleSystems/Materials/ParticleSmokeVertlit.mat using Guid(cee309ce7aaa0b640aaacf83c0ded209) Importer(815301076,1909f56bfc062723c751e8b465ee728b)  -> (artifact id: '81ceb84b6db0d87d46605d43daaf1f5d') in 0.022706 seconds
  Import took 0.025100 seconds .

========================================================================
Received Import Request.
  Time since last request: 0.000216 seconds.
  path: Assets/Standard Assets/ParticleSystems/Materials/ParticleSpray.mat
  artifactKey: Guid(3863b2d982156124eb2b745b78354487) Importer(815301076,1909f56bfc062723c751e8b465ee728b)
Start importing Assets/Standard Assets/ParticleSystems/Materials/ParticleSpray.mat using Guid(3863b2d982156124eb2b745b78354487) Importer(815301076,1909f56bfc062723c751e8b465ee728b)  -> (artifact id: '0ce54f53f941741c0739da3312446236') in 0.021035 seconds
  Import took 0.024055 seconds .

========================================================================
Received Import Request.
  Time since last request: 0.000205 seconds.
  path: Assets/Standard Assets/ParticleSystems/Materials/ParticleFirework.mat
  artifactKey: Guid(a55209a6544f5bb4b8d5f25d1226c663) Importer(815301076,1909f56bfc062723c751e8b465ee728b)
Start importing Assets/Standard Assets/ParticleSystems/Materials/ParticleFirework.mat using Guid(a55209a6544f5bb4b8d5f25d1226c663) Importer(815301076,1909f56bfc062723c751e8b465ee728b)  -> (artifact id: '2f38fd604c10d705b63f91a30de61e82') in 0.012098 seconds
  Import took 0.015166 seconds .

========================================================================
Received Import Request.
  Time since last request: 0.000404 seconds.
  path: Assets/Standard Assets/ParticleSystems/Materials/ParticleSmokeMobile.mat
  artifactKey: Guid(d76ad90852a2f374fa3533b72e63e8eb) Importer(815301076,1909f56bfc062723c751e8b465ee728b)
Start importing Assets/Standard Assets/ParticleSystems/Materials/ParticleSmokeMobile.mat using Guid(d76ad90852a2f374fa3533b72e63e8eb) Importer(815301076,1909f56bfc062723c751e8b465ee728b)  -> (artifact id: 'bdce1b1a777d61b236f8338a43cdb99d') in 0.015073 seconds
  Import took 0.019494 seconds .

========================================================================
Received Import Request.
  Time since last request: 0.000235 seconds.
  path: Assets/Standard Assets/ParticleSystems/Materials/ParticleSplashes.mat
  artifactKey: Guid(b12f5ae4a7bc2b54f871e9d1802f149b) Importer(815301076,1909f56bfc062723c751e8b465ee728b)
Start importing Assets/Standard Assets/ParticleSystems/Materials/ParticleSplashes.mat using Guid(b12f5ae4a7bc2b54f871e9d1802f149b) Importer(815301076,1909f56bfc062723c751e8b465ee728b)  -> (artifact id: 'c49d5ea1fcc01d9a3650c8066916efd7') in 0.012039 seconds
  Import took 0.015140 seconds .

========================================================================
Received Import Request.
  Time since last request: 0.000273 seconds.
  path: Assets/Standard Assets/ParticleSystems/Materials/ParticleWaterSpray.mat
  artifactKey: Guid(4155e46df3897454598488acdba80510) Importer(815301076,1909f56bfc062723c751e8b465ee728b)
Start importing Assets/Standard Assets/ParticleSystems/Materials/ParticleWaterSpray.mat using Guid(4155e46df3897454598488acdba80510) Importer(815301076,1909f56bfc062723c751e8b465ee728b)  -> (artifact id: '80eea6e316b97aa17520b421f2973794') in 0.013806 seconds
  Import took 0.016934 seconds .

========================================================================
Received Import Request.
  Time since last request: 0.000246 seconds.
  path: Assets/Standard Assets/ParticleSystems/Materials/ParticleDuststorm.mat
  artifactKey: Guid(2002ade8bcc608f4e93c83789fec876c) Importer(815301076,1909f56bfc062723c751e8b465ee728b)
Start importing Assets/Standard Assets/ParticleSystems/Materials/ParticleDuststorm.mat using Guid(2002ade8bcc608f4e93c83789fec876c) Importer(815301076,1909f56bfc062723c751e8b465ee728b)  -> (artifact id: 'f19c86e59ab485712e3f8489ca40e953') in 0.010963 seconds
  Import took 0.013836 seconds .

========================================================================
Received Import Request.
  Time since last request: 0.000309 seconds.
  path: Assets/Standard Assets/ParticleSystems/Materials/ParticleFireball.mat
  artifactKey: Guid(6f8e2c2dc8f18ca4395bac0b222a2cae) Importer(815301076,1909f56bfc062723c751e8b465ee728b)
Start importing Assets/Standard Assets/ParticleSystems/Materials/ParticleFireball.mat using Guid(6f8e2c2dc8f18ca4395bac0b222a2cae) Importer(815301076,1909f56bfc062723c751e8b465ee728b)  -> (artifact id: '471bfa8c26661eebfb5892b7f956346d') in 0.010665 seconds
  Import took 0.014343 seconds .

========================================================================
Received Import Request.
  Time since last request: 0.000288 seconds.
  path: Assets/Standard Assets/ParticleSystems/Materials/ParticleFlameLicks.mat
  artifactKey: Guid(8d60a4f6b1ac6ff479e970006a749bcc) Importer(815301076,1909f56bfc062723c751e8b465ee728b)
Start importing Assets/Standard Assets/ParticleSystems/Materials/ParticleFlameLicks.mat using Guid(8d60a4f6b1ac6ff479e970006a749bcc) Importer(815301076,1909f56bfc062723c751e8b465ee728b)  -> (artifact id: 'bf0816d2d51d8cf96d9650c3e605e2bb') in 0.010531 seconds
  Import took 0.013994 seconds .

========================================================================
Received Import Request.
  Time since last request: 0.000381 seconds.
  path: Assets/Standard Assets/ParticleSystems/Materials/ParticleSpark.mat
  artifactKey: Guid(82f045fb95b807a4eba51a5d367c7986) Importer(815301076,1909f56bfc062723c751e8b465ee728b)
Start importing Assets/Standard Assets/ParticleSystems/Materials/ParticleSpark.mat using Guid(82f045fb95b807a4eba51a5d367c7986) Importer(815301076,1909f56bfc062723c751e8b465ee728b)  -> (artifact id: '74192ac0084c4c99f01bfe5940ea1d4a') in 0.011872 seconds
  Import took 0.015135 seconds .

========================================================================
Received Import Request.
  Time since last request: 0.000344 seconds.
  path: Assets/Standard Assets/ParticleSystems/Materials/ParticleSmokeWhite.mat
  artifactKey: Guid(20160fca3a70a2f40b91e94886c628e8) Importer(815301076,1909f56bfc062723c751e8b465ee728b)
Start importing Assets/Standard Assets/ParticleSystems/Materials/ParticleSmokeWhite.mat using Guid(20160fca3a70a2f40b91e94886c628e8) Importer(815301076,1909f56bfc062723c751e8b465ee728b)  -> (artifact id: 'd1d9e56df93d8fae3abdf33c0e5430f3') in 0.010509 seconds
  Import took 0.013846 seconds .

========================================================================
Received Import Request.
  Time since last request: 0.000242 seconds.
  path: Assets/Standard Assets/ParticleSystems/Materials/ParticleGlow.mat
  artifactKey: Guid(5d9290cc73cfff24893e0d306f378014) Importer(815301076,1909f56bfc062723c751e8b465ee728b)
Start importing Assets/Standard Assets/ParticleSystems/Materials/ParticleGlow.mat using Guid(5d9290cc73cfff24893e0d306f378014) Importer(815301076,1909f56bfc062723c751e8b465ee728b)  -> (artifact id: '17ae605cb267cb07c82eb39630992409') in 0.011535 seconds
  Import took 0.014696 seconds .

========================================================================
Received Import Request.
  Time since last request: 0.000204 seconds.
  path: Assets/Standard Assets/ParticleSystems/Materials/ParticleSteam.mat
  artifactKey: Guid(a4db23d80f6884542a23c7753c94f34e) Importer(815301076,1909f56bfc062723c751e8b465ee728b)
Start importing Assets/Standard Assets/ParticleSystems/Materials/ParticleSteam.mat using Guid(a4db23d80f6884542a23c7753c94f34e) Importer(815301076,1909f56bfc062723c751e8b465ee728b)  -> (artifact id: '92d0844f072352bca3b8b74bda0cd207') in 0.011084 seconds
  Import took 0.013513 seconds .

========================================================================
Received Import Request.
  Time since last request: 0.000216 seconds.
  path: Assets/Standard Assets/ParticleSystems/Materials/ParticleGlow.mat
  artifactKey: Guid(5d9290cc73cfff24893e0d306f378014) Importer(815301076,1909f56bfc062723c751e8b465ee728b)
Start importing Assets/Standard Assets/ParticleSystems/Materials/ParticleGlow.mat using Guid(5d9290cc73cfff24893e0d306f378014) Importer(815301076,1909f56bfc062723c751e8b465ee728b)  -> (artifact id: '17ae605cb267cb07c82eb39630992409') in 0.006045 seconds
  Import took 0.009000 seconds .

========================================================================
Received Import Request.
  Time since last request: 0.000282 seconds.
  path: Assets/Standard Assets/ParticleSystems/Materials/ParticleSteam.mat
  artifactKey: Guid(a4db23d80f6884542a23c7753c94f34e) Importer(815301076,1909f56bfc062723c751e8b465ee728b)
Start importing Assets/Standard Assets/ParticleSystems/Materials/ParticleSteam.mat using Guid(a4db23d80f6884542a23c7753c94f34e) Importer(815301076,1909f56bfc062723c751e8b465ee728b)  -> (artifact id: '92d0844f072352bca3b8b74bda0cd207') in 0.006158 seconds
  Import took 0.008951 seconds .

========================================================================
Received Prepare
Registering precompiled user dll's ...
Registered in 0.001232 seconds.
Begin MonoManager ReloadAssembly
Native extension for WindowsStandalone target not found
Native extension for WebGL target not found
Refreshing native plugins compatible for Editor in 0.84 ms, found 0 plugins.
Preloading 0 native plugins for Editor in 0.00 ms.
Mono: successfully reloaded assembly
- Completed reload, in  0.772 seconds
Platform modules already initialized, skipping
Refreshing native plugins compatible for Editor in 0.94 ms, found 0 plugins.
Preloading 0 native plugins for Editor in 0.00 ms.
Unloading 1667 Unused Serialized files (Serialized files now loaded: 0)
System memory in use before: 77.2 MB.
System memory in use after: 77.3 MB.

Unloading 42 unused Assets to reduce memory usage. Loaded Objects now: 2199.
Total: 4.998900 ms (FindLiveObjects: 0.298000 ms CreateObjectMapping: 0.045600 ms MarkObjects: 4.601600 ms  DeleteObjects: 0.051700 ms)

========================================================================
Received Import Request.
  Time since last request: 49.324316 seconds.
  path: Assets/Editor/LevelLoaderEditor.cs
  artifactKey: Guid(793a38b2f9d079b4cb0db45adc9e5da3) Importer(815301076,1909f56bfc062723c751e8b465ee728b)
Start importing Assets/Editor/LevelLoaderEditor.cs using Guid(793a38b2f9d079b4cb0db45adc9e5da3) Importer(815301076,1909f56bfc062723c751e8b465ee728b)  -> (artifact id: '1978a6d5a060be03e6a0a78b8b252727') in 0.012291 seconds
  Import took 0.015857 seconds .

========================================================================
Received Prepare
Registering precompiled user dll's ...
Registered in 0.001333 seconds.
Begin MonoManager ReloadAssembly
Native extension for WindowsStandalone target not found
Native extension for WebGL target not found
Refreshing native plugins compatible for Editor in 0.77 ms, found 0 plugins.
Preloading 0 native plugins for Editor in 0.00 ms.
Mono: successfully reloaded assembly
- Completed reload, in  0.881 seconds
Platform modules already initialized, skipping
Refreshing native plugins compatible for Editor in 0.82 ms, found 0 plugins.
Preloading 0 native plugins for Editor in 0.00 ms.
Unloading 1667 Unused Serialized files (Serialized files now loaded: 0)
System memory in use before: 77.2 MB.
System memory in use after: 77.3 MB.

Unloading 41 unused Assets to reduce memory usage. Loaded Objects now: 2202.
Total: 5.116700 ms (FindLiveObjects: 0.265900 ms CreateObjectMapping: 0.045100 ms MarkObjects: 4.777400 ms  DeleteObjects: 0.026900 ms)

========================================================================
Received Prepare
Registering precompiled user dll's ...
Registered in 0.001241 seconds.
Begin MonoManager ReloadAssembly
Native extension for WindowsStandalone target not found
Native extension for WebGL target not found
Refreshing native plugins compatible for Editor in 0.71 ms, found 0 plugins.
Preloading 0 native plugins for Editor in 0.00 ms.
Mono: successfully reloaded assembly
- Completed reload, in  0.754 seconds
Platform modules already initialized, skipping
Refreshing native plugins compatible for Editor in 0.66 ms, found 0 plugins.
Preloading 0 native plugins for Editor in 0.00 ms.
Unloading 1666 Unused Serialized files (Serialized files now loaded: 0)
System memory in use before: 77.1 MB.
System memory in use after: 77.3 MB.

Unloading 40 unused Assets to reduce memory usage. Loaded Objects now: 2205.
Total: 5.682000 ms (FindLiveObjects: 0.297400 ms CreateObjectMapping: 0.052800 ms MarkObjects: 5.297100 ms  DeleteObjects: 0.033300 ms)

========================================================================
Received Prepare
Registering precompiled user dll's ...
Registered in 0.001117 seconds.
Begin MonoManager ReloadAssembly
Native extension for WindowsStandalone target not found
Native extension for WebGL target not found
Refreshing native plugins compatible for Editor in 0.66 ms, found 0 plugins.
Preloading 0 native plugins for Editor in 0.00 ms.
Mono: successfully reloaded assembly
- Completed reload, in  0.725 seconds
Platform modules already initialized, skipping
Refreshing native plugins compatible for Editor in 0.86 ms, found 0 plugins.
Preloading 0 native plugins for Editor in 0.00 ms.
Unloading 1666 Unused Serialized files (Serialized files now loaded: 0)
System memory in use before: 77.2 MB.
System memory in use after: 77.3 MB.

Unloading 40 unused Assets to reduce memory usage. Loaded Objects now: 2208.
Total: 4.609800 ms (FindLiveObjects: 0.300600 ms CreateObjectMapping: 0.048500 ms MarkObjects: 4.237900 ms  DeleteObjects: 0.021900 ms)

